<?xml version="1.0" encoding="UTF-8"?>
<!-- Generated by org.testng.reporters.JUnitReportReporter -->
<testsuite skipped="0" hostname="PRADIP-PC" name="com.interBanking.testCases.PDFReaderTest" tests="1" failures="0" timestamp="12 Jun 2019 02:37:16 GMT" time="0.998" errors="0">
  <testcase name="readPDFTest" time="0.998" classname="com.interBanking.testCases.PDFReaderTest"/>
</testsuite> <!-- com.interBanking.testCases.PDFReaderTest -->
