<?xml version="1.0" encoding="UTF-8"?>
<!-- Generated by org.testng.reporters.JUnitReportReporter -->
<testsuite skipped="0" hostname="PradipMahato-PC" name="com.interBanking.testCases.TC_LoginTest_001" tests="1" failures="0" timestamp="12 Apr 2020 11:56:43 GMT" time="23.839" errors="0">
  <testcase name="loginTest" time="23.839" classname="com.interBanking.testCases.TC_LoginTest_001"/>
</testsuite> <!-- com.interBanking.testCases.TC_LoginTest_001 -->
