<?xml version="1.0" encoding="UTF-8"?>
<!-- Generated by org.testng.reporters.JUnitReportReporter -->
<testsuite skipped="0" hostname="PradipMahato-PC" name="com.interBanking.testCases.TC_LoginTest_001" tests="1" failures="0" timestamp="09 May 2020 09:18:37 GMT" time="22.337" errors="0">
  <testcase name="loginTest" time="22.337" classname="com.interBanking.testCases.TC_LoginTest_001"/>
</testsuite> <!-- com.interBanking.testCases.TC_LoginTest_001 -->
